<?xml version="1.0" encoding="UTF-8"?>
<testsuite name="KontingenztablleTest" tests="3" skipped="0" failures="0" errors="0" timestamp="2022-01-25T16:36:33" hostname="HSEMAC5220.fritz.box" time="0.054">
  <properties/>
  <testcase name="test1()" classname="KontingenztablleTest" time="0.046"/>
  <testcase name="test2()" classname="KontingenztablleTest" time="0.003"/>
  <testcase name="test3()" classname="KontingenztablleTest" time="0.003"/>
  <system-out><![CDATA[ACTUAL
______________________________________
|    35 |    15 |    50 | 
|    11 |    39 |    50 | 
|    46 |    54 |   100 | 
‾‾‾‾‾‾‾‾‾‾‾‾‾‾‾‾‾‾‾‾‾‾‾‾‾‾‾‾‾‾‾‾‾‾‾‾‾‾

EXPECTED
______________________________________
|    23 |    27 |    50 | 
|    23 |    27 |    50 | 
|    46 |    54 |   100 | 
‾‾‾‾‾‾‾‾‾‾‾‾‾‾‾‾‾‾‾‾‾‾‾‾‾‾‾‾‾‾‾‾‾‾‾‾‾‾

Odds Ratio:              8.2727272727
(Gegen 1 heißt unabhängig, weiter weg heißt abhängig!)
===============================================
ACTUAL
______________________________________
|    97 |    23 |   120 | 
|    26 |    94 |   120 | 
|   123 |   117 |   240 | 
‾‾‾‾‾‾‾‾‾‾‾‾‾‾‾‾‾‾‾‾‾‾‾‾‾‾‾‾‾‾‾‾‾‾‾‾‾‾

EXPECTED
______________________________________
|    62 |    59 |   120 | 
|    62 |    59 |   120 | 
|   123 |   117 |   240 | 
‾‾‾‾‾‾‾‾‾‾‾‾‾‾‾‾‾‾‾‾‾‾‾‾‾‾‾‾‾‾‾‾‾‾‾‾‾‾

Odds Ratio:              15.2474916388
(Gegen 1 heißt unabhängig, weiter weg heißt abhängig!)
===============================================
ACTUAL
______________________________________
|    45 |    12 |    13 |    70 | 
|    15 |     8 |     7 |    30 | 
|    60 |    20 |    20 |   100 | 
‾‾‾‾‾‾‾‾‾‾‾‾‾‾‾‾‾‾‾‾‾‾‾‾‾‾‾‾‾‾‾‾‾‾‾‾‾‾

EXPECTED
______________________________________
|    42 |    14 |    14 |    70 | 
|    18 |     6 |     6 |    30 | 
|    60 |    20 |    20 |   100 | 
‾‾‾‾‾‾‾‾‾‾‾‾‾‾‾‾‾‾‾‾‾‾‾‾‾‾‾‾‾‾‾‾‾‾‾‾‾‾

Odds Ratio:              Table is not of size 2. Can not be calculated.
(Gegen 1 heißt unabhängig, weiter weg heißt abhängig!)
===============================================
]]></system-out>
  <system-err><![CDATA[]]></system-err>
</testsuite>
