<?xml version="1.0" encoding="UTF-8"?>
<testsuite name="KontingenztablleTest" tests="1" skipped="0" failures="0" errors="0" timestamp="2022-01-25T20:23:51" hostname="DESKTOP-0LRR9VJ" time="0.028">
  <properties/>
  <testcase name="test4()" classname="KontingenztablleTest" time="0.028"/>
  <system-out><![CDATA[ACTUAL
______________________________________
|     1 |     0 |     1 | 
|     0 |     1 |     1 | 
|     1 |     1 |     2 | 
??????????????????????????????????????

EXPECTED
______________________________________
| 0.500000000000 | 0.500000000000 |     1 | 
| 0.500000000000 | 0.500000000000 |     1 | 
|     1 |     1 |     2 | 
??????????????????????????????????????

Odds Ratio:    BigInteger divide by zero
Chi^2:         2.000000000000
Cramer:        1.000000 (0 kein zusammenhang / 1 starke abhÃ¤ngigkeit)
Pearson:       0.707106781187
PearsonKorr:   1.000000000000
===============================================
]]></system-out>
  <system-err><![CDATA[]]></system-err>
</testsuite>
